<?xml version="1.0" encoding="UTF-8"?>
<testng-results ignored="0" total="1" passed="0" failed="0" skipped="1">
  <reporter-output>
  </reporter-output>
  <suite started-at="2022-10-05T06:57:40 IST" name="Default suite" finished-at="2022-10-05T06:57:48 IST" duration-ms="7300">
    <groups>
    </groups>
    <test started-at="2022-10-05T06:57:40 IST" name="Default test" finished-at="2022-10-05T06:57:48 IST" duration-ms="7300">
      <class name="com.iNetbanking.testCases.TestCase_LoginTest_001">
        <test-method is-config="true" signature="setUp()[pri:0, instance:com.iNetbanking.testCases.TestCase_LoginTest_001@52102734]" started-at="2022-10-05T06:57:40 IST" name="setUp" finished-at="2022-10-05T06:57:48 IST" duration-ms="7088" status="FAIL">
          <exception class="org.openqa.selenium.SessionNotCreatedException">
            <message>
              <![CDATA[session not created: This version of ChromeDriver only supports Chrome version 103
Current browser version is 105.0.5195.127 with binary path C:\Program Files (x86)\Google\Chrome\Application\chrome.exe
Build info: version: '3.14.0', revision: 'aacccce0', time: '2018-08-02T20:19:58.91Z'
System info: host: 'SHREE-PC', ip: '192.168.43.50', os.name: 'Windows 8', os.arch: 'amd64', os.version: '6.2', java.version: '18.0.2.1'
Driver info: driver.version: ChromeDriver
remote stacktrace: Backtrace:
Ordinal0 [0x00F26463+2188387]
Ordinal0 [0x00EBE461+1762401]
Ordinal0 [0x00DD3D78+802168]
Ordinal0 [0x00DF4E59+937561]
Ordinal0 [0x00DF0A6C+920172]
Ordinal0 [0x00DEE331+910129]
Ordinal0 [0x00E21430+1119280]
Ordinal0 [0x00E2108A+1118346]
Ordinal0 [0x00E1C5F6+1099254]
Ordinal0 [0x00DF6BE0+945120]
Ordinal0 [0x00DF7AD6+948950]
GetHandleVerifier [0x011C71F2+2712546]
GetHandleVerifier [0x011B886D+2652765]
GetHandleVerifier [0x00FB002A+520730]
GetHandleVerifier [0x00FAEE06+516086]
Ordinal0 [0x00EC468B+1787531]
Ordinal0 [0x00EC8E88+1805960]
Ordinal0 [0x00EC8F75+1806197]
Ordinal0 [0x00ED1DF1+1842673]
BaseThreadInitThunk [0x75A28543+14]
RtlInitializeExceptionChain [0x7705AC69+133]
RtlInitializeExceptionChain [0x7705AC3C+88]
]]>
            </message>
            <full-stacktrace>
              <![CDATA[org.openqa.selenium.SessionNotCreatedException: session not created: This version of ChromeDriver only supports Chrome version 103
Current browser version is 105.0.5195.127 with binary path C:\Program Files (x86)\Google\Chrome\Application\chrome.exe
Build info: version: '3.14.0', revision: 'aacccce0', time: '2018-08-02T20:19:58.91Z'
System info: host: 'SHREE-PC', ip: '192.168.43.50', os.name: 'Windows 8', os.arch: 'amd64', os.version: '6.2', java.version: '18.0.2.1'
Driver info: driver.version: ChromeDriver
remote stacktrace: Backtrace:
Ordinal0 [0x00F26463+2188387]
Ordinal0 [0x00EBE461+1762401]
Ordinal0 [0x00DD3D78+802168]
Ordinal0 [0x00DF4E59+937561]
Ordinal0 [0x00DF0A6C+920172]
Ordinal0 [0x00DEE331+910129]
Ordinal0 [0x00E21430+1119280]
Ordinal0 [0x00E2108A+1118346]
Ordinal0 [0x00E1C5F6+1099254]
Ordinal0 [0x00DF6BE0+945120]
Ordinal0 [0x00DF7AD6+948950]
GetHandleVerifier [0x011C71F2+2712546]
GetHandleVerifier [0x011B886D+2652765]
GetHandleVerifier [0x00FB002A+520730]
GetHandleVerifier [0x00FAEE06+516086]
Ordinal0 [0x00EC468B+1787531]
Ordinal0 [0x00EC8E88+1805960]
Ordinal0 [0x00EC8F75+1806197]
Ordinal0 [0x00ED1DF1+1842673]
BaseThreadInitThunk [0x75A28543+14]
RtlInitializeExceptionChain [0x7705AC69+133]
RtlInitializeExceptionChain [0x7705AC3C+88]

at java.base/jdk.internal.reflect.DirectConstructorHandleAccessor.newInstance(DirectConstructorHandleAccessor.java:67)
at java.base/java.lang.reflect.Constructor.newInstanceWithCaller(Constructor.java:499)
at java.base/java.lang.reflect.Constructor.newInstance(Constructor.java:483)
at org.openqa.selenium.remote.W3CHandshakeResponse.lambda$new$0(W3CHandshakeResponse.java:57)
at org.openqa.selenium.remote.W3CHandshakeResponse.lambda$getResponseFunction$2(W3CHandshakeResponse.java:104)
at org.openqa.selenium.remote.ProtocolHandshake.lambda$createSession$0(ProtocolHandshake.java:122)
at java.base/java.util.stream.ReferencePipeline$3$1.accept(ReferencePipeline.java:197)
at java.base/java.util.Spliterators$ArraySpliterator.tryAdvance(Spliterators.java:1002)
at java.base/java.util.stream.ReferencePipeline.forEachWithCancel(ReferencePipeline.java:129)
at java.base/java.util.stream.AbstractPipeline.copyIntoWithCancel(AbstractPipeline.java:527)
at java.base/java.util.stream.AbstractPipeline.copyInto(AbstractPipeline.java:513)
at java.base/java.util.stream.AbstractPipeline.wrapAndCopyInto(AbstractPipeline.java:499)
at java.base/java.util.stream.FindOps$FindOp.evaluateSequential(FindOps.java:150)
at java.base/java.util.stream.AbstractPipeline.evaluate(AbstractPipeline.java:234)
at java.base/java.util.stream.ReferencePipeline.findFirst(ReferencePipeline.java:647)
at org.openqa.selenium.remote.ProtocolHandshake.createSession(ProtocolHandshake.java:125)
at org.openqa.selenium.remote.ProtocolHandshake.createSession(ProtocolHandshake.java:73)
at org.openqa.selenium.remote.HttpCommandExecutor.execute(HttpCommandExecutor.java:136)
at org.openqa.selenium.remote.service.DriverCommandExecutor.execute(DriverCommandExecutor.java:83)
at org.openqa.selenium.remote.RemoteWebDriver.execute(RemoteWebDriver.java:548)
at org.openqa.selenium.remote.RemoteWebDriver.startSession(RemoteWebDriver.java:212)
at org.openqa.selenium.remote.RemoteWebDriver.<init>(RemoteWebDriver.java:130)
at org.openqa.selenium.chrome.ChromeDriver.<init>(ChromeDriver.java:181)
at org.openqa.selenium.chrome.ChromeDriver.<init>(ChromeDriver.java:168)
at org.openqa.selenium.chrome.ChromeDriver.<init>(ChromeDriver.java:123)
at com.iNetbanking.testCases.BaseClass.setUp(BaseClass.java:18)
at java.base/jdk.internal.reflect.DirectMethodHandleAccessor.invoke(DirectMethodHandleAccessor.java:104)
at java.base/java.lang.reflect.Method.invoke(Method.java:577)
at org.testng.internal.MethodInvocationHelper.invokeMethod(MethodInvocationHelper.java:134)
at org.testng.internal.MethodInvocationHelper.invokeMethodConsideringTimeout(MethodInvocationHelper.java:63)
at org.testng.internal.ConfigInvoker.invokeConfigurationMethod(ConfigInvoker.java:348)
at org.testng.internal.ConfigInvoker.invokeConfigurations(ConfigInvoker.java:302)
at org.testng.internal.TestMethodWorker.invokeBeforeClassMethods(TestMethodWorker.java:176)
at org.testng.internal.TestMethodWorker.run(TestMethodWorker.java:122)
at java.base/java.util.ArrayList.forEach(ArrayList.java:1511)
at org.testng.TestRunner.privateRun(TestRunner.java:766)
at org.testng.TestRunner.run(TestRunner.java:587)
at org.testng.SuiteRunner.runTest(SuiteRunner.java:384)
at org.testng.SuiteRunner.runSequentially(SuiteRunner.java:378)
at org.testng.SuiteRunner.privateRun(SuiteRunner.java:337)
at org.testng.SuiteRunner.run(SuiteRunner.java:286)
at org.testng.SuiteRunnerWorker.runSuite(SuiteRunnerWorker.java:53)
at org.testng.SuiteRunnerWorker.run(SuiteRunnerWorker.java:96)
at org.testng.TestNG.runSuitesSequentially(TestNG.java:1187)
at org.testng.TestNG.runSuitesLocally(TestNG.java:1109)
at org.testng.TestNG.runSuites(TestNG.java:1039)
at org.testng.TestNG.run(TestNG.java:1007)
at org.testng.remote.AbstractRemoteTestNG.run(AbstractRemoteTestNG.java:115)
at org.testng.remote.RemoteTestNG.initAndRun(RemoteTestNG.java:251)
at org.testng.remote.RemoteTestNG.main(RemoteTestNG.java:77)
]]>
            </full-stacktrace>
          </exception> <!-- org.openqa.selenium.SessionNotCreatedException -->
          <reporter-output>
          </reporter-output>
        </test-method> <!-- setUp -->
        <test-method signature="LoginTest()[pri:0, instance:com.iNetbanking.testCases.TestCase_LoginTest_001@52102734]" started-at="2022-10-05T06:57:48 IST" name="LoginTest" finished-at="2022-10-05T06:57:48 IST" duration-ms="0" status="SKIP">
          <exception class="org.openqa.selenium.SessionNotCreatedException">
            <message>
              <![CDATA[session not created: This version of ChromeDriver only supports Chrome version 103
Current browser version is 105.0.5195.127 with binary path C:\Program Files (x86)\Google\Chrome\Application\chrome.exe
Build info: version: '3.14.0', revision: 'aacccce0', time: '2018-08-02T20:19:58.91Z'
System info: host: 'SHREE-PC', ip: '192.168.43.50', os.name: 'Windows 8', os.arch: 'amd64', os.version: '6.2', java.version: '18.0.2.1'
Driver info: driver.version: ChromeDriver
remote stacktrace: Backtrace:
Ordinal0 [0x00F26463+2188387]
Ordinal0 [0x00EBE461+1762401]
Ordinal0 [0x00DD3D78+802168]
Ordinal0 [0x00DF4E59+937561]
Ordinal0 [0x00DF0A6C+920172]
Ordinal0 [0x00DEE331+910129]
Ordinal0 [0x00E21430+1119280]
Ordinal0 [0x00E2108A+1118346]
Ordinal0 [0x00E1C5F6+1099254]
Ordinal0 [0x00DF6BE0+945120]
Ordinal0 [0x00DF7AD6+948950]
GetHandleVerifier [0x011C71F2+2712546]
GetHandleVerifier [0x011B886D+2652765]
GetHandleVerifier [0x00FB002A+520730]
GetHandleVerifier [0x00FAEE06+516086]
Ordinal0 [0x00EC468B+1787531]
Ordinal0 [0x00EC8E88+1805960]
Ordinal0 [0x00EC8F75+1806197]
Ordinal0 [0x00ED1DF1+1842673]
BaseThreadInitThunk [0x75A28543+14]
RtlInitializeExceptionChain [0x7705AC69+133]
RtlInitializeExceptionChain [0x7705AC3C+88]
]]>
            </message>
            <full-stacktrace>
              <![CDATA[org.openqa.selenium.SessionNotCreatedException: session not created: This version of ChromeDriver only supports Chrome version 103
Current browser version is 105.0.5195.127 with binary path C:\Program Files (x86)\Google\Chrome\Application\chrome.exe
Build info: version: '3.14.0', revision: 'aacccce0', time: '2018-08-02T20:19:58.91Z'
System info: host: 'SHREE-PC', ip: '192.168.43.50', os.name: 'Windows 8', os.arch: 'amd64', os.version: '6.2', java.version: '18.0.2.1'
Driver info: driver.version: ChromeDriver
remote stacktrace: Backtrace:
Ordinal0 [0x00F26463+2188387]
Ordinal0 [0x00EBE461+1762401]
Ordinal0 [0x00DD3D78+802168]
Ordinal0 [0x00DF4E59+937561]
Ordinal0 [0x00DF0A6C+920172]
Ordinal0 [0x00DEE331+910129]
Ordinal0 [0x00E21430+1119280]
Ordinal0 [0x00E2108A+1118346]
Ordinal0 [0x00E1C5F6+1099254]
Ordinal0 [0x00DF6BE0+945120]
Ordinal0 [0x00DF7AD6+948950]
GetHandleVerifier [0x011C71F2+2712546]
GetHandleVerifier [0x011B886D+2652765]
GetHandleVerifier [0x00FB002A+520730]
GetHandleVerifier [0x00FAEE06+516086]
Ordinal0 [0x00EC468B+1787531]
Ordinal0 [0x00EC8E88+1805960]
Ordinal0 [0x00EC8F75+1806197]
Ordinal0 [0x00ED1DF1+1842673]
BaseThreadInitThunk [0x75A28543+14]
RtlInitializeExceptionChain [0x7705AC69+133]
RtlInitializeExceptionChain [0x7705AC3C+88]

at java.base/jdk.internal.reflect.DirectConstructorHandleAccessor.newInstance(DirectConstructorHandleAccessor.java:67)
at java.base/java.lang.reflect.Constructor.newInstanceWithCaller(Constructor.java:499)
at java.base/java.lang.reflect.Constructor.newInstance(Constructor.java:483)
at org.openqa.selenium.remote.W3CHandshakeResponse.lambda$new$0(W3CHandshakeResponse.java:57)
at org.openqa.selenium.remote.W3CHandshakeResponse.lambda$getResponseFunction$2(W3CHandshakeResponse.java:104)
at org.openqa.selenium.remote.ProtocolHandshake.lambda$createSession$0(ProtocolHandshake.java:122)
at java.base/java.util.stream.ReferencePipeline$3$1.accept(ReferencePipeline.java:197)
at java.base/java.util.Spliterators$ArraySpliterator.tryAdvance(Spliterators.java:1002)
at java.base/java.util.stream.ReferencePipeline.forEachWithCancel(ReferencePipeline.java:129)
at java.base/java.util.stream.AbstractPipeline.copyIntoWithCancel(AbstractPipeline.java:527)
at java.base/java.util.stream.AbstractPipeline.copyInto(AbstractPipeline.java:513)
at java.base/java.util.stream.AbstractPipeline.wrapAndCopyInto(AbstractPipeline.java:499)
at java.base/java.util.stream.FindOps$FindOp.evaluateSequential(FindOps.java:150)
at java.base/java.util.stream.AbstractPipeline.evaluate(AbstractPipeline.java:234)
at java.base/java.util.stream.ReferencePipeline.findFirst(ReferencePipeline.java:647)
at org.openqa.selenium.remote.ProtocolHandshake.createSession(ProtocolHandshake.java:125)
at org.openqa.selenium.remote.ProtocolHandshake.createSession(ProtocolHandshake.java:73)
at org.openqa.selenium.remote.HttpCommandExecutor.execute(HttpCommandExecutor.java:136)
at org.openqa.selenium.remote.service.DriverCommandExecutor.execute(DriverCommandExecutor.java:83)
at org.openqa.selenium.remote.RemoteWebDriver.execute(RemoteWebDriver.java:548)
at org.openqa.selenium.remote.RemoteWebDriver.startSession(RemoteWebDriver.java:212)
at org.openqa.selenium.remote.RemoteWebDriver.<init>(RemoteWebDriver.java:130)
at org.openqa.selenium.chrome.ChromeDriver.<init>(ChromeDriver.java:181)
at org.openqa.selenium.chrome.ChromeDriver.<init>(ChromeDriver.java:168)
at org.openqa.selenium.chrome.ChromeDriver.<init>(ChromeDriver.java:123)
at com.iNetbanking.testCases.BaseClass.setUp(BaseClass.java:18)
at java.base/jdk.internal.reflect.DirectMethodHandleAccessor.invoke(DirectMethodHandleAccessor.java:104)
at java.base/java.lang.reflect.Method.invoke(Method.java:577)
at org.testng.internal.MethodInvocationHelper.invokeMethod(MethodInvocationHelper.java:134)
at org.testng.internal.MethodInvocationHelper.invokeMethodConsideringTimeout(MethodInvocationHelper.java:63)
at org.testng.internal.ConfigInvoker.invokeConfigurationMethod(ConfigInvoker.java:348)
at org.testng.internal.ConfigInvoker.invokeConfigurations(ConfigInvoker.java:302)
at org.testng.internal.TestMethodWorker.invokeBeforeClassMethods(TestMethodWorker.java:176)
at org.testng.internal.TestMethodWorker.run(TestMethodWorker.java:122)
at java.base/java.util.ArrayList.forEach(ArrayList.java:1511)
at org.testng.TestRunner.privateRun(TestRunner.java:766)
at org.testng.TestRunner.run(TestRunner.java:587)
at org.testng.SuiteRunner.runTest(SuiteRunner.java:384)
at org.testng.SuiteRunner.runSequentially(SuiteRunner.java:378)
at org.testng.SuiteRunner.privateRun(SuiteRunner.java:337)
at org.testng.SuiteRunner.run(SuiteRunner.java:286)
at org.testng.SuiteRunnerWorker.runSuite(SuiteRunnerWorker.java:53)
at org.testng.SuiteRunnerWorker.run(SuiteRunnerWorker.java:96)
at org.testng.TestNG.runSuitesSequentially(TestNG.java:1187)
at org.testng.TestNG.runSuitesLocally(TestNG.java:1109)
at org.testng.TestNG.runSuites(TestNG.java:1039)
at org.testng.TestNG.run(TestNG.java:1007)
at org.testng.remote.AbstractRemoteTestNG.run(AbstractRemoteTestNG.java:115)
at org.testng.remote.RemoteTestNG.initAndRun(RemoteTestNG.java:251)
at org.testng.remote.RemoteTestNG.main(RemoteTestNG.java:77)
]]>
            </full-stacktrace>
          </exception> <!-- org.openqa.selenium.SessionNotCreatedException -->
          <reporter-output>
          </reporter-output>
        </test-method> <!-- LoginTest -->
        <test-method is-config="true" signature="tearDown()[pri:0, instance:com.iNetbanking.testCases.TestCase_LoginTest_001@52102734]" started-at="2022-10-05T06:57:48 IST" name="tearDown" finished-at="1970-01-01T05:30:00 IST" duration-ms="-1664933268144" status="SKIP">
          <reporter-output>
          </reporter-output>
        </test-method> <!-- tearDown -->
      </class> <!-- com.iNetbanking.testCases.TestCase_LoginTest_001 -->
    </test> <!-- Default test -->
  </suite> <!-- Default suite -->
</testng-results>
